[0.232s] DEBUG:colcon:Command line arguments: ['/usr/bin/colcon', 'build', '--packages-select', 'costmap']
[0.232s] DEBUG:colcon:Parsed command line arguments: Namespace(ament_cmake_args=None, base_paths=['.'], build_base='build', catkin_cmake_args=None, catkin_skip_building_tests=False, cmake_args=None, cmake_clean_cache=False, cmake_clean_first=False, cmake_force_configure=False, cmake_target=None, cmake_target_skip_unavailable=False, continue_on_error=False, event_handlers=None, executor='parallel', ignore_user_meta=False, install_base='install', log_base=None, log_level=None, main=<bound method BuildVerb.main of <colcon_core.verb.build.BuildVerb object at 0x7fed377d4490>>, merge_install=False, metas=['./colcon.meta'], packages_above=None, packages_above_and_dependencies=None, packages_above_depth=None, packages_end=None, packages_ignore=None, packages_ignore_regex=None, packages_select=['costmap'], packages_select_build_failed=False, packages_select_by_dep=None, packages_select_regex=None, packages_select_test_failures=False, packages_skip=None, packages_skip_build_finished=False, packages_skip_by_dep=None, packages_skip_regex=None, packages_skip_test_passed=False, packages_skip_up_to=None, packages_start=None, packages_up_to=None, packages_up_to_regex=None, parallel_workers=1, paths=None, symlink_install=False, test_result_base=None, verb_extension=<colcon_core.verb.build.BuildVerb object at 0x7fed377d4490>, verb_name='build', verb_parser=<colcon_defaults.argument_parser.defaults.DefaultArgumentsDecorator object at 0x7fed377d49d0>)
[0.242s] Level 1:colcon.colcon_core.package_discovery:discover_packages(colcon_meta) check parameters
[0.242s] Level 1:colcon.colcon_core.package_discovery:discover_packages(recursive) check parameters
[0.242s] Level 1:colcon.colcon_core.package_discovery:discover_packages(ignore) check parameters
[0.242s] Level 1:colcon.colcon_core.package_discovery:discover_packages(path) check parameters
[0.242s] Level 1:colcon.colcon_core.package_discovery:discover_packages(colcon_meta) discover
[0.242s] Level 1:colcon.colcon_core.package_discovery:discover_packages(recursive) discover
[0.242s] INFO:colcon.colcon_core.package_discovery:Crawling recursively for packages in '/home/potentialerror/virt_ws/src/Virtuoso/virtuoso_mapping/virtuoso_mapping/costmap'
[0.242s] Level 1:colcon.colcon_core.package_identification:_identify(.) by extensions ['ignore', 'ignore_ament_install']
[0.242s] Level 1:colcon.colcon_core.package_identification:_identify(.) by extension 'ignore'
[0.242s] Level 1:colcon.colcon_core.package_identification:_identify(.) by extension 'ignore_ament_install'
[0.242s] Level 1:colcon.colcon_core.package_identification:_identify(.) by extensions ['colcon_pkg']
[0.242s] Level 1:colcon.colcon_core.package_identification:_identify(.) by extension 'colcon_pkg'
[0.242s] Level 1:colcon.colcon_core.package_identification:_identify(.) by extensions ['colcon_meta']
[0.242s] Level 1:colcon.colcon_core.package_identification:_identify(.) by extension 'colcon_meta'
[0.242s] Level 1:colcon.colcon_core.package_identification:_identify(.) by extensions ['ros']
[0.242s] Level 1:colcon.colcon_core.package_identification:_identify(.) by extension 'ros'
[0.261s] DEBUG:colcon.colcon_core.package_identification:Package '.' with type 'ros.ament_cmake' and name 'costmap'
[0.261s] Level 1:colcon.colcon_core.package_discovery:discover_packages(recursive) using defaults
[0.261s] Level 1:colcon.colcon_core.package_discovery:discover_packages(ignore) discover
[0.261s] Level 1:colcon.colcon_core.package_discovery:discover_packages(ignore) using defaults
[0.261s] Level 1:colcon.colcon_core.package_discovery:discover_packages(path) discover
[0.261s] Level 1:colcon.colcon_core.package_discovery:discover_packages(path) using defaults
[0.278s] Level 5:colcon.colcon_core.verb:set package 'costmap' build argument 'cmake_args' from command line to 'None'
[0.279s] Level 5:colcon.colcon_core.verb:set package 'costmap' build argument 'cmake_target' from command line to 'None'
[0.280s] Level 5:colcon.colcon_core.verb:set package 'costmap' build argument 'cmake_target_skip_unavailable' from command line to 'False'
[0.281s] Level 5:colcon.colcon_core.verb:set package 'costmap' build argument 'cmake_clean_cache' from command line to 'False'
[0.281s] Level 5:colcon.colcon_core.verb:set package 'costmap' build argument 'cmake_clean_first' from command line to 'False'
[0.281s] Level 5:colcon.colcon_core.verb:set package 'costmap' build argument 'cmake_force_configure' from command line to 'False'
[0.281s] Level 5:colcon.colcon_core.verb:set package 'costmap' build argument 'ament_cmake_args' from command line to 'None'
[0.281s] Level 5:colcon.colcon_core.verb:set package 'costmap' build argument 'catkin_cmake_args' from command line to 'None'
[0.281s] Level 5:colcon.colcon_core.verb:set package 'costmap' build argument 'catkin_skip_building_tests' from command line to 'False'
[0.281s] DEBUG:colcon.colcon_core.verb:Building package 'costmap' with the following arguments: {'ament_cmake_args': None, 'build_base': '/home/potentialerror/virt_ws/src/Virtuoso/virtuoso_mapping/virtuoso_mapping/costmap/build/costmap', 'catkin_cmake_args': None, 'catkin_skip_building_tests': False, 'cmake_args': None, 'cmake_clean_cache': False, 'cmake_clean_first': False, 'cmake_force_configure': False, 'cmake_target': None, 'cmake_target_skip_unavailable': False, 'install_base': '/home/potentialerror/virt_ws/src/Virtuoso/virtuoso_mapping/virtuoso_mapping/costmap/install/costmap', 'merge_install': False, 'path': '/home/potentialerror/virt_ws/src/Virtuoso/virtuoso_mapping/virtuoso_mapping/costmap', 'symlink_install': False, 'test_result_base': None}
[0.283s] INFO:colcon.colcon_core.executor:Executing jobs using 'parallel' executor
[0.284s] DEBUG:colcon.colcon_parallel_executor.executor.parallel:run_until_complete
[0.284s] INFO:colcon.colcon_ros.task.ament_cmake.build:Building ROS package in '/home/potentialerror/virt_ws/src/Virtuoso/virtuoso_mapping/virtuoso_mapping/costmap' with build type 'ament_cmake'
[0.285s] INFO:colcon.colcon_cmake.task.cmake.build:Building CMake package in '/home/potentialerror/virt_ws/src/Virtuoso/virtuoso_mapping/virtuoso_mapping/costmap'
[0.288s] INFO:colcon.colcon_core.plugin_system:Skipping extension 'colcon_core.shell.bat': Not used on non-Windows systems
[0.292s] INFO:colcon.colcon_core.shell:Skip shell extension 'powershell' for command environment: Not usable outside of PowerShell
[0.292s] DEBUG:colcon.colcon_core.shell:Skip shell extension 'dsv' for command environment
[0.296s] DEBUG:colcon.colcon_core.shell:Ignoring prefix path '/opt/ros/foxy'
[0.307s] DEBUG:colcon.colcon_core.event_handler.log_command:Invoking command in '/home/potentialerror/virt_ws/src/Virtuoso/virtuoso_mapping/virtuoso_mapping/costmap/build/costmap': CMAKE_PREFIX_PATH=/home/potentialerror/virt_ws/install/virtuoso_processing:/home/potentialerror/virt_ws/install/virtuoso_perception:/home/potentialerror/virt_ws/install/virtuoso_navigation:/home/potentialerror/virt_ws/install/virtuoso_mapping:/home/potentialerror/virt_ws/install/virtuoso_localization:/home/potentialerror/virt_ws/install/virtuoso_controller:/opt/ros/foxy /usr/bin/cmake /home/potentialerror/virt_ws/src/Virtuoso/virtuoso_mapping/virtuoso_mapping/costmap -DCMAKE_INSTALL_PREFIX=/home/potentialerror/virt_ws/src/Virtuoso/virtuoso_mapping/virtuoso_mapping/costmap/install/costmap
[8.587s] DEBUG:colcon.colcon_core.event_handler.log_command:Invoked command in '/home/potentialerror/virt_ws/src/Virtuoso/virtuoso_mapping/virtuoso_mapping/costmap/build/costmap' returned '0': CMAKE_PREFIX_PATH=/home/potentialerror/virt_ws/install/virtuoso_processing:/home/potentialerror/virt_ws/install/virtuoso_perception:/home/potentialerror/virt_ws/install/virtuoso_navigation:/home/potentialerror/virt_ws/install/virtuoso_mapping:/home/potentialerror/virt_ws/install/virtuoso_localization:/home/potentialerror/virt_ws/install/virtuoso_controller:/opt/ros/foxy /usr/bin/cmake /home/potentialerror/virt_ws/src/Virtuoso/virtuoso_mapping/virtuoso_mapping/costmap -DCMAKE_INSTALL_PREFIX=/home/potentialerror/virt_ws/src/Virtuoso/virtuoso_mapping/virtuoso_mapping/costmap/install/costmap
[8.587s] DEBUG:colcon.colcon_core.event_handler.log_command:Invoking command in '/home/potentialerror/virt_ws/src/Virtuoso/virtuoso_mapping/virtuoso_mapping/costmap/build/costmap': CMAKE_PREFIX_PATH=/home/potentialerror/virt_ws/install/virtuoso_processing:/home/potentialerror/virt_ws/install/virtuoso_perception:/home/potentialerror/virt_ws/install/virtuoso_navigation:/home/potentialerror/virt_ws/install/virtuoso_mapping:/home/potentialerror/virt_ws/install/virtuoso_localization:/home/potentialerror/virt_ws/install/virtuoso_controller:/opt/ros/foxy /usr/bin/cmake --build /home/potentialerror/virt_ws/src/Virtuoso/virtuoso_mapping/virtuoso_mapping/costmap/build/costmap -- -j1 -l1
[8.659s] DEBUG:colcon.colcon_core.event_handler.log_command:Invoked command in '/home/potentialerror/virt_ws/src/Virtuoso/virtuoso_mapping/virtuoso_mapping/costmap/build/costmap' returned '0': CMAKE_PREFIX_PATH=/home/potentialerror/virt_ws/install/virtuoso_processing:/home/potentialerror/virt_ws/install/virtuoso_perception:/home/potentialerror/virt_ws/install/virtuoso_navigation:/home/potentialerror/virt_ws/install/virtuoso_mapping:/home/potentialerror/virt_ws/install/virtuoso_localization:/home/potentialerror/virt_ws/install/virtuoso_controller:/opt/ros/foxy /usr/bin/cmake --build /home/potentialerror/virt_ws/src/Virtuoso/virtuoso_mapping/virtuoso_mapping/costmap/build/costmap -- -j1 -l1
[8.712s] DEBUG:colcon.colcon_core.event_handler.log_command:Invoking command in '/home/potentialerror/virt_ws/src/Virtuoso/virtuoso_mapping/virtuoso_mapping/costmap/build/costmap': CMAKE_PREFIX_PATH=/home/potentialerror/virt_ws/install/virtuoso_processing:/home/potentialerror/virt_ws/install/virtuoso_perception:/home/potentialerror/virt_ws/install/virtuoso_navigation:/home/potentialerror/virt_ws/install/virtuoso_mapping:/home/potentialerror/virt_ws/install/virtuoso_localization:/home/potentialerror/virt_ws/install/virtuoso_controller:/opt/ros/foxy /usr/bin/cmake --install /home/potentialerror/virt_ws/src/Virtuoso/virtuoso_mapping/virtuoso_mapping/costmap/build/costmap
[8.741s] Level 1:colcon.colcon_core.environment:create_environment_scripts_only(costmap)
[8.744s] Level 1:colcon.colcon_core.environment:checking '/home/potentialerror/virt_ws/src/Virtuoso/virtuoso_mapping/virtuoso_mapping/costmap/install/costmap' for CMake module files
[8.744s] Level 1:colcon.colcon_core.environment:checking '/home/potentialerror/virt_ws/src/Virtuoso/virtuoso_mapping/virtuoso_mapping/costmap/install/costmap' for CMake config files
[8.744s] Level 1:colcon.colcon_core.shell:create_environment_hook('costmap', 'cmake_prefix_path')
[8.745s] INFO:colcon.colcon_core.shell:Creating environment hook '/home/potentialerror/virt_ws/src/Virtuoso/virtuoso_mapping/virtuoso_mapping/costmap/install/costmap/share/costmap/hook/cmake_prefix_path.ps1'
[8.745s] INFO:colcon.colcon_core.shell:Creating environment descriptor '/home/potentialerror/virt_ws/src/Virtuoso/virtuoso_mapping/virtuoso_mapping/costmap/install/costmap/share/costmap/hook/cmake_prefix_path.dsv'
[8.745s] INFO:colcon.colcon_core.shell:Creating environment hook '/home/potentialerror/virt_ws/src/Virtuoso/virtuoso_mapping/virtuoso_mapping/costmap/install/costmap/share/costmap/hook/cmake_prefix_path.sh'
[8.750s] DEBUG:colcon.colcon_core.event_handler.log_command:Invoked command in '/home/potentialerror/virt_ws/src/Virtuoso/virtuoso_mapping/virtuoso_mapping/costmap/build/costmap' returned '0': CMAKE_PREFIX_PATH=/home/potentialerror/virt_ws/install/virtuoso_processing:/home/potentialerror/virt_ws/install/virtuoso_perception:/home/potentialerror/virt_ws/install/virtuoso_navigation:/home/potentialerror/virt_ws/install/virtuoso_mapping:/home/potentialerror/virt_ws/install/virtuoso_localization:/home/potentialerror/virt_ws/install/virtuoso_controller:/opt/ros/foxy /usr/bin/cmake --install /home/potentialerror/virt_ws/src/Virtuoso/virtuoso_mapping/virtuoso_mapping/costmap/build/costmap
[8.751s] Level 1:colcon.colcon_core.environment:checking '/home/potentialerror/virt_ws/src/Virtuoso/virtuoso_mapping/virtuoso_mapping/costmap/install/costmap/bin'
[8.751s] Level 1:colcon.colcon_core.environment:checking '/home/potentialerror/virt_ws/src/Virtuoso/virtuoso_mapping/virtuoso_mapping/costmap/install/costmap/lib/pkgconfig/costmap.pc'
[8.751s] Level 1:colcon.colcon_core.environment:checking '/home/potentialerror/virt_ws/src/Virtuoso/virtuoso_mapping/virtuoso_mapping/costmap/install/costmap/lib/python3.8/site-packages'
[8.752s] INFO:colcon.colcon_core.shell:Creating package script '/home/potentialerror/virt_ws/src/Virtuoso/virtuoso_mapping/virtuoso_mapping/costmap/install/costmap/share/costmap/package.ps1'
[8.752s] INFO:colcon.colcon_core.shell:Creating package descriptor '/home/potentialerror/virt_ws/src/Virtuoso/virtuoso_mapping/virtuoso_mapping/costmap/install/costmap/share/costmap/package.dsv'
[8.753s] INFO:colcon.colcon_core.shell:Creating package script '/home/potentialerror/virt_ws/src/Virtuoso/virtuoso_mapping/virtuoso_mapping/costmap/install/costmap/share/costmap/package.sh'
[8.756s] INFO:colcon.colcon_core.shell:Creating package script '/home/potentialerror/virt_ws/src/Virtuoso/virtuoso_mapping/virtuoso_mapping/costmap/install/costmap/share/costmap/package.bash'
[8.756s] INFO:colcon.colcon_core.shell:Creating package script '/home/potentialerror/virt_ws/src/Virtuoso/virtuoso_mapping/virtuoso_mapping/costmap/install/costmap/share/costmap/package.zsh'
[8.757s] Level 1:colcon.colcon_core.environment:create_file_with_runtime_dependencies(/home/potentialerror/virt_ws/src/Virtuoso/virtuoso_mapping/virtuoso_mapping/costmap/install/costmap/share/colcon-core/packages/costmap)
[8.792s] Level 1:colcon.colcon_core.environment:create_environment_scripts_only(costmap)
[8.793s] Level 1:colcon.colcon_core.environment:checking '/home/potentialerror/virt_ws/src/Virtuoso/virtuoso_mapping/virtuoso_mapping/costmap/install/costmap' for CMake module files
[8.793s] Level 1:colcon.colcon_core.environment:checking '/home/potentialerror/virt_ws/src/Virtuoso/virtuoso_mapping/virtuoso_mapping/costmap/install/costmap' for CMake config files
[8.793s] Level 1:colcon.colcon_core.shell:create_environment_hook('costmap', 'cmake_prefix_path')
[8.798s] INFO:colcon.colcon_core.shell:Creating environment hook '/home/potentialerror/virt_ws/src/Virtuoso/virtuoso_mapping/virtuoso_mapping/costmap/install/costmap/share/costmap/hook/cmake_prefix_path.ps1'
[8.798s] INFO:colcon.colcon_core.shell:Creating environment descriptor '/home/potentialerror/virt_ws/src/Virtuoso/virtuoso_mapping/virtuoso_mapping/costmap/install/costmap/share/costmap/hook/cmake_prefix_path.dsv'
[8.798s] INFO:colcon.colcon_core.shell:Creating environment hook '/home/potentialerror/virt_ws/src/Virtuoso/virtuoso_mapping/virtuoso_mapping/costmap/install/costmap/share/costmap/hook/cmake_prefix_path.sh'
[8.799s] Level 1:colcon.colcon_core.environment:checking '/home/potentialerror/virt_ws/src/Virtuoso/virtuoso_mapping/virtuoso_mapping/costmap/install/costmap/bin'
[8.799s] Level 1:colcon.colcon_core.environment:checking '/home/potentialerror/virt_ws/src/Virtuoso/virtuoso_mapping/virtuoso_mapping/costmap/install/costmap/lib/pkgconfig/costmap.pc'
[8.799s] Level 1:colcon.colcon_core.environment:checking '/home/potentialerror/virt_ws/src/Virtuoso/virtuoso_mapping/virtuoso_mapping/costmap/install/costmap/lib/python3.8/site-packages'
[8.800s] INFO:colcon.colcon_core.shell:Creating package script '/home/potentialerror/virt_ws/src/Virtuoso/virtuoso_mapping/virtuoso_mapping/costmap/install/costmap/share/costmap/package.ps1'
[8.800s] INFO:colcon.colcon_core.shell:Creating package descriptor '/home/potentialerror/virt_ws/src/Virtuoso/virtuoso_mapping/virtuoso_mapping/costmap/install/costmap/share/costmap/package.dsv'
[8.802s] INFO:colcon.colcon_core.shell:Creating package script '/home/potentialerror/virt_ws/src/Virtuoso/virtuoso_mapping/virtuoso_mapping/costmap/install/costmap/share/costmap/package.sh'
[8.802s] INFO:colcon.colcon_core.shell:Creating package script '/home/potentialerror/virt_ws/src/Virtuoso/virtuoso_mapping/virtuoso_mapping/costmap/install/costmap/share/costmap/package.bash'
[8.803s] INFO:colcon.colcon_core.shell:Creating package script '/home/potentialerror/virt_ws/src/Virtuoso/virtuoso_mapping/virtuoso_mapping/costmap/install/costmap/share/costmap/package.zsh'
[8.804s] Level 1:colcon.colcon_core.environment:create_file_with_runtime_dependencies(/home/potentialerror/virt_ws/src/Virtuoso/virtuoso_mapping/virtuoso_mapping/costmap/install/costmap/share/colcon-core/packages/costmap)
[8.805s] DEBUG:colcon.colcon_parallel_executor.executor.parallel:closing loop
[8.806s] DEBUG:colcon.colcon_parallel_executor.executor.parallel:loop closed
[8.806s] DEBUG:colcon.colcon_parallel_executor.executor.parallel:run_until_complete finished with '0'
[8.806s] DEBUG:colcon.colcon_core.event_reactor:joining thread
[8.816s] INFO:colcon.colcon_core.plugin_system:Skipping extension 'colcon_notification.desktop_notification.terminal_notifier': Not used on non-Darwin systems
[8.824s] INFO:colcon.colcon_core.plugin_system:Skipping extension 'colcon_notification.desktop_notification.win32': Not used on non-Windows systems
[8.824s] INFO:colcon.colcon_notification.desktop_notification:Sending desktop notification using 'notify2'
[8.849s] DEBUG:colcon.colcon_core.event_reactor:joined thread
[8.850s] INFO:colcon.colcon_core.shell:Creating prefix script '/home/potentialerror/virt_ws/src/Virtuoso/virtuoso_mapping/virtuoso_mapping/costmap/install/local_setup.ps1'
[8.851s] INFO:colcon.colcon_core.shell:Creating prefix util module '/home/potentialerror/virt_ws/src/Virtuoso/virtuoso_mapping/virtuoso_mapping/costmap/install/_local_setup_util_ps1.py'
[8.851s] INFO:colcon.colcon_core.shell:Creating prefix chain script '/home/potentialerror/virt_ws/src/Virtuoso/virtuoso_mapping/virtuoso_mapping/costmap/install/setup.ps1'
[8.853s] INFO:colcon.colcon_core.shell:Creating prefix script '/home/potentialerror/virt_ws/src/Virtuoso/virtuoso_mapping/virtuoso_mapping/costmap/install/local_setup.sh'
[8.853s] INFO:colcon.colcon_core.shell:Creating prefix util module '/home/potentialerror/virt_ws/src/Virtuoso/virtuoso_mapping/virtuoso_mapping/costmap/install/_local_setup_util_sh.py'
[8.858s] INFO:colcon.colcon_core.shell:Creating prefix chain script '/home/potentialerror/virt_ws/src/Virtuoso/virtuoso_mapping/virtuoso_mapping/costmap/install/setup.sh'
[8.860s] INFO:colcon.colcon_core.shell:Creating prefix script '/home/potentialerror/virt_ws/src/Virtuoso/virtuoso_mapping/virtuoso_mapping/costmap/install/local_setup.bash'
[8.860s] INFO:colcon.colcon_core.shell:Creating prefix chain script '/home/potentialerror/virt_ws/src/Virtuoso/virtuoso_mapping/virtuoso_mapping/costmap/install/setup.bash'
[8.870s] INFO:colcon.colcon_core.shell:Creating prefix script '/home/potentialerror/virt_ws/src/Virtuoso/virtuoso_mapping/virtuoso_mapping/costmap/install/local_setup.zsh'
[8.871s] INFO:colcon.colcon_core.shell:Creating prefix chain script '/home/potentialerror/virt_ws/src/Virtuoso/virtuoso_mapping/virtuoso_mapping/costmap/install/setup.zsh'
