-- The C compiler identification is GNU 9.3.0
-- The CXX compiler identification is GNU 9.3.0
-- Check for working C compiler: /usr/bin/cc
-- Check for working C compiler: /usr/bin/cc -- works
-- Detecting C compiler ABI info
-- Detecting C compiler ABI info - done
-- Detecting C compile features
-- Detecting C compile features - done
-- Check for working CXX compiler: /usr/bin/c++
-- Check for working CXX compiler: /usr/bin/c++ -- works
-- Detecting CXX compiler ABI info
-- Detecting CXX compiler ABI info - done
-- Detecting CXX compile features
-- Detecting CXX compile features - done
-- Found ament_cmake: 0.9.9 (/opt/ros/foxy/share/ament_cmake/cmake)
-- Found PythonInterp: /usr/bin/python3 (found suitable version "3.8.10", minimum required is "3") 
-- Using PYTHON_EXECUTABLE: /usr/bin/python3
-- Found ament_lint_auto: 0.9.6 (/opt/ros/foxy/share/ament_lint_auto/cmake)
-- Added test 'copyright' to check source files copyright and LICENSE
-- Added test 'lint_cmake' to check CMake code style
-- Added test 'xmllint' to check XML markup files
-- Configuring done
-- Generating done
-- Build files have been written to: /home/potentialerror/virt_ws/src/Virtuoso/virtuoso_mapping/virtuoso_mapping/build/costmap
-- Install configuration: ""
-- Installing: /home/potentialerror/virt_ws/src/Virtuoso/virtuoso_mapping/virtuoso_mapping/install/costmap/share/$(PROJECT_NAME)/launch
-- Installing: /home/potentialerror/virt_ws/src/Virtuoso/virtuoso_mapping/virtuoso_mapping/install/costmap/share/$(PROJECT_NAME)/launch/stvl_launch.xml
-- Installing: /home/potentialerror/virt_ws/src/Virtuoso/virtuoso_mapping/virtuoso_mapping/install/costmap/share/$(PROJECT_NAME)/config
-- Installing: /home/potentialerror/virt_ws/src/Virtuoso/virtuoso_mapping/virtuoso_mapping/install/costmap/share/$(PROJECT_NAME)/config/stvl_params.yaml
-- Installing: /home/potentialerror/virt_ws/src/Virtuoso/virtuoso_mapping/virtuoso_mapping/install/costmap/share/ament_index/resource_index/package_run_dependencies/costmap
-- Installing: /home/potentialerror/virt_ws/src/Virtuoso/virtuoso_mapping/virtuoso_mapping/install/costmap/share/ament_index/resource_index/parent_prefix_path/costmap
-- Installing: /home/potentialerror/virt_ws/src/Virtuoso/virtuoso_mapping/virtuoso_mapping/install/costmap/share/costmap/environment/ament_prefix_path.sh
-- Installing: /home/potentialerror/virt_ws/src/Virtuoso/virtuoso_mapping/virtuoso_mapping/install/costmap/share/costmap/environment/ament_prefix_path.dsv
-- Installing: /home/potentialerror/virt_ws/src/Virtuoso/virtuoso_mapping/virtuoso_mapping/install/costmap/share/costmap/environment/path.sh
-- Installing: /home/potentialerror/virt_ws/src/Virtuoso/virtuoso_mapping/virtuoso_mapping/install/costmap/share/costmap/environment/path.dsv
-- Installing: /home/potentialerror/virt_ws/src/Virtuoso/virtuoso_mapping/virtuoso_mapping/install/costmap/share/costmap/local_setup.bash
-- Installing: /home/potentialerror/virt_ws/src/Virtuoso/virtuoso_mapping/virtuoso_mapping/install/costmap/share/costmap/local_setup.sh
-- Installing: /home/potentialerror/virt_ws/src/Virtuoso/virtuoso_mapping/virtuoso_mapping/install/costmap/share/costmap/local_setup.zsh
-- Installing: /home/potentialerror/virt_ws/src/Virtuoso/virtuoso_mapping/virtuoso_mapping/install/costmap/share/costmap/local_setup.dsv
-- Installing: /home/potentialerror/virt_ws/src/Virtuoso/virtuoso_mapping/virtuoso_mapping/install/costmap/share/costmap/package.dsv
-- Installing: /home/potentialerror/virt_ws/src/Virtuoso/virtuoso_mapping/virtuoso_mapping/install/costmap/share/ament_index/resource_index/packages/costmap
-- Installing: /home/potentialerror/virt_ws/src/Virtuoso/virtuoso_mapping/virtuoso_mapping/install/costmap/share/costmap/cmake/costmapConfig.cmake
-- Installing: /home/potentialerror/virt_ws/src/Virtuoso/virtuoso_mapping/virtuoso_mapping/install/costmap/share/costmap/cmake/costmapConfig-version.cmake
-- Installing: /home/potentialerror/virt_ws/src/Virtuoso/virtuoso_mapping/virtuoso_mapping/install/costmap/share/costmap/package.xml
