[0.017s] Invoking command in '/home/potentialerror/virt_ws/src/Virtuoso/virtuoso_mapping/virtuoso_mapping/costmap/build/costmap': CMAKE_PREFIX_PATH=${CMAKE_PREFIX_PATH}:/home/potentialerror/virt_ws/install/virtuoso_processing:/home/potentialerror/virt_ws/install/virtuoso_perception:/home/potentialerror/virt_ws/install/virtuoso_navigation:/home/potentialerror/virt_ws/install/virtuoso_mapping:/home/potentialerror/virt_ws/install/virtuoso_localization:/home/potentialerror/virt_ws/install/virtuoso_controller:/opt/ros/foxy /usr/bin/cmake --build /home/potentialerror/virt_ws/src/Virtuoso/virtuoso_mapping/virtuoso_mapping/costmap/build/costmap -- -j1 -l1
[0.071s] Invoked command in '/home/potentialerror/virt_ws/src/Virtuoso/virtuoso_mapping/virtuoso_mapping/costmap/build/costmap' returned '0': CMAKE_PREFIX_PATH=${CMAKE_PREFIX_PATH}:/home/potentialerror/virt_ws/install/virtuoso_processing:/home/potentialerror/virt_ws/install/virtuoso_perception:/home/potentialerror/virt_ws/install/virtuoso_navigation:/home/potentialerror/virt_ws/install/virtuoso_mapping:/home/potentialerror/virt_ws/install/virtuoso_localization:/home/potentialerror/virt_ws/install/virtuoso_controller:/opt/ros/foxy /usr/bin/cmake --build /home/potentialerror/virt_ws/src/Virtuoso/virtuoso_mapping/virtuoso_mapping/costmap/build/costmap -- -j1 -l1
[0.099s] Invoking command in '/home/potentialerror/virt_ws/src/Virtuoso/virtuoso_mapping/virtuoso_mapping/costmap/build/costmap': CMAKE_PREFIX_PATH=${CMAKE_PREFIX_PATH}:/home/potentialerror/virt_ws/install/virtuoso_processing:/home/potentialerror/virt_ws/install/virtuoso_perception:/home/potentialerror/virt_ws/install/virtuoso_navigation:/home/potentialerror/virt_ws/install/virtuoso_mapping:/home/potentialerror/virt_ws/install/virtuoso_localization:/home/potentialerror/virt_ws/install/virtuoso_controller:/opt/ros/foxy /usr/bin/cmake --install /home/potentialerror/virt_ws/src/Virtuoso/virtuoso_mapping/virtuoso_mapping/costmap/build/costmap
[0.122s] -- Install configuration: "Release"
[0.123s] -- Up-to-date: /home/potentialerror/virt_ws/src/Virtuoso/virtuoso_mapping/virtuoso_mapping/costmap/install/costmap/share/costmap/launch
[0.126s] -- Installing: /home/potentialerror/virt_ws/src/Virtuoso/virtuoso_mapping/virtuoso_mapping/costmap/install/costmap/share/costmap/launch/stvl_launch.py
[0.127s] -- Up-to-date: /home/potentialerror/virt_ws/src/Virtuoso/virtuoso_mapping/virtuoso_mapping/costmap/install/costmap/share/costmap/config
[0.127s] -- Installing: /home/potentialerror/virt_ws/src/Virtuoso/virtuoso_mapping/virtuoso_mapping/costmap/install/costmap/share/costmap/config/stvl_params.yaml
[0.127s] -- Up-to-date: /home/potentialerror/virt_ws/src/Virtuoso/virtuoso_mapping/virtuoso_mapping/costmap/install/costmap/share/ament_index/resource_index/package_run_dependencies/costmap
[0.127s] -- Up-to-date: /home/potentialerror/virt_ws/src/Virtuoso/virtuoso_mapping/virtuoso_mapping/costmap/install/costmap/share/ament_index/resource_index/parent_prefix_path/costmap
[0.127s] -- Up-to-date: /home/potentialerror/virt_ws/src/Virtuoso/virtuoso_mapping/virtuoso_mapping/costmap/install/costmap/share/costmap/environment/ament_prefix_path.sh
[0.128s] -- Up-to-date: /home/potentialerror/virt_ws/src/Virtuoso/virtuoso_mapping/virtuoso_mapping/costmap/install/costmap/share/costmap/environment/ament_prefix_path.dsv
[0.128s] -- Up-to-date: /home/potentialerror/virt_ws/src/Virtuoso/virtuoso_mapping/virtuoso_mapping/costmap/install/costmap/share/costmap/environment/path.sh
[0.128s] -- Up-to-date: /home/potentialerror/virt_ws/src/Virtuoso/virtuoso_mapping/virtuoso_mapping/costmap/install/costmap/share/costmap/environment/path.dsv
[0.128s] -- Up-to-date: /home/potentialerror/virt_ws/src/Virtuoso/virtuoso_mapping/virtuoso_mapping/costmap/install/costmap/share/costmap/local_setup.bash
[0.129s] -- Up-to-date: /home/potentialerror/virt_ws/src/Virtuoso/virtuoso_mapping/virtuoso_mapping/costmap/install/costmap/share/costmap/local_setup.sh
[0.129s] -- Up-to-date: /home/potentialerror/virt_ws/src/Virtuoso/virtuoso_mapping/virtuoso_mapping/costmap/install/costmap/share/costmap/local_setup.zsh
[0.130s] -- Up-to-date: /home/potentialerror/virt_ws/src/Virtuoso/virtuoso_mapping/virtuoso_mapping/costmap/install/costmap/share/costmap/local_setup.dsv
[0.130s] -- Installing: /home/potentialerror/virt_ws/src/Virtuoso/virtuoso_mapping/virtuoso_mapping/costmap/install/costmap/share/costmap/package.dsv
[0.130s] -- Up-to-date: /home/potentialerror/virt_ws/src/Virtuoso/virtuoso_mapping/virtuoso_mapping/costmap/install/costmap/share/ament_index/resource_index/packages/costmap
[0.130s] -- Up-to-date: /home/potentialerror/virt_ws/src/Virtuoso/virtuoso_mapping/virtuoso_mapping/costmap/install/costmap/share/costmap/cmake/costmapConfig.cmake
[0.130s] -- Up-to-date: /home/potentialerror/virt_ws/src/Virtuoso/virtuoso_mapping/virtuoso_mapping/costmap/install/costmap/share/costmap/cmake/costmapConfig-version.cmake
[0.132s] -- Up-to-date: /home/potentialerror/virt_ws/src/Virtuoso/virtuoso_mapping/virtuoso_mapping/costmap/install/costmap/share/costmap/package.xml
[0.143s] Invoked command in '/home/potentialerror/virt_ws/src/Virtuoso/virtuoso_mapping/virtuoso_mapping/costmap/build/costmap' returned '0': CMAKE_PREFIX_PATH=${CMAKE_PREFIX_PATH}:/home/potentialerror/virt_ws/install/virtuoso_processing:/home/potentialerror/virt_ws/install/virtuoso_perception:/home/potentialerror/virt_ws/install/virtuoso_navigation:/home/potentialerror/virt_ws/install/virtuoso_mapping:/home/potentialerror/virt_ws/install/virtuoso_localization:/home/potentialerror/virt_ws/install/virtuoso_controller:/opt/ros/foxy /usr/bin/cmake --install /home/potentialerror/virt_ws/src/Virtuoso/virtuoso_mapping/virtuoso_mapping/costmap/build/costmap
