[0.220s] DEBUG:colcon:Command line arguments: ['/usr/bin/colcon', 'build', '--packages-select', 'costmap']
[0.220s] DEBUG:colcon:Parsed command line arguments: Namespace(ament_cmake_args=None, base_paths=['.'], build_base='build', catkin_cmake_args=None, catkin_skip_building_tests=False, cmake_args=None, cmake_clean_cache=False, cmake_clean_first=False, cmake_force_configure=False, cmake_target=None, cmake_target_skip_unavailable=False, continue_on_error=False, event_handlers=None, executor='parallel', ignore_user_meta=False, install_base='install', log_base=None, log_level=None, main=<bound method BuildVerb.main of <colcon_core.verb.build.BuildVerb object at 0x7f4b1e3cf4c0>>, merge_install=False, metas=['./colcon.meta'], packages_above=None, packages_above_and_dependencies=None, packages_above_depth=None, packages_end=None, packages_ignore=None, packages_ignore_regex=None, packages_select=['costmap'], packages_select_build_failed=False, packages_select_by_dep=None, packages_select_regex=None, packages_select_test_failures=False, packages_skip=None, packages_skip_build_finished=False, packages_skip_by_dep=None, packages_skip_regex=None, packages_skip_test_passed=False, packages_skip_up_to=None, packages_start=None, packages_up_to=None, packages_up_to_regex=None, parallel_workers=1, paths=None, symlink_install=False, test_result_base=None, verb_extension=<colcon_core.verb.build.BuildVerb object at 0x7f4b1e3cf4c0>, verb_name='build', verb_parser=<colcon_defaults.argument_parser.defaults.DefaultArgumentsDecorator object at 0x7f4b1e3cfa00>)
[0.223s] Level 1:colcon.colcon_core.package_discovery:discover_packages(colcon_meta) check parameters
[0.223s] Level 1:colcon.colcon_core.package_discovery:discover_packages(recursive) check parameters
[0.224s] Level 1:colcon.colcon_core.package_discovery:discover_packages(ignore) check parameters
[0.224s] Level 1:colcon.colcon_core.package_discovery:discover_packages(path) check parameters
[0.224s] Level 1:colcon.colcon_core.package_discovery:discover_packages(colcon_meta) discover
[0.224s] Level 1:colcon.colcon_core.package_discovery:discover_packages(recursive) discover
[0.224s] INFO:colcon.colcon_core.package_discovery:Crawling recursively for packages in '/home/potentialerror/virt_ws/src/Virtuoso/virtuoso_mapping/virtuoso_mapping'
[0.224s] Level 1:colcon.colcon_core.package_identification:_identify(.) by extensions ['ignore', 'ignore_ament_install']
[0.224s] Level 1:colcon.colcon_core.package_identification:_identify(.) by extension 'ignore'
[0.224s] Level 1:colcon.colcon_core.package_identification:_identify(.) by extension 'ignore_ament_install'
[0.224s] Level 1:colcon.colcon_core.package_identification:_identify(.) by extensions ['colcon_pkg']
[0.224s] Level 1:colcon.colcon_core.package_identification:_identify(.) by extension 'colcon_pkg'
[0.224s] Level 1:colcon.colcon_core.package_identification:_identify(.) by extensions ['colcon_meta']
[0.224s] Level 1:colcon.colcon_core.package_identification:_identify(.) by extension 'colcon_meta'
[0.224s] Level 1:colcon.colcon_core.package_identification:_identify(.) by extensions ['ros']
[0.224s] Level 1:colcon.colcon_core.package_identification:_identify(.) by extension 'ros'
[0.232s] Level 1:colcon.colcon_core.package_identification:_identify(.) by extensions ['cmake', 'python']
[0.232s] Level 1:colcon.colcon_core.package_identification:_identify(.) by extension 'cmake'
[0.232s] Level 1:colcon.colcon_core.package_identification:_identify(.) by extension 'python'
[0.232s] Level 1:colcon.colcon_core.package_identification:_identify(.) by extensions ['python_setup_py']
[0.232s] Level 1:colcon.colcon_core.package_identification:_identify(.) by extension 'python_setup_py'
[0.232s] Level 1:colcon.colcon_core.package_identification:_identify(build) by extensions ['ignore', 'ignore_ament_install']
[0.232s] Level 1:colcon.colcon_core.package_identification:_identify(build) by extension 'ignore'
[0.232s] Level 1:colcon.colcon_core.package_identification:_identify(build) ignored
[0.233s] Level 1:colcon.colcon_core.package_identification:_identify(costmap) by extensions ['ignore', 'ignore_ament_install']
[0.233s] Level 1:colcon.colcon_core.package_identification:_identify(costmap) by extension 'ignore'
[0.233s] Level 1:colcon.colcon_core.package_identification:_identify(costmap) by extension 'ignore_ament_install'
[0.233s] Level 1:colcon.colcon_core.package_identification:_identify(costmap) by extensions ['colcon_pkg']
[0.233s] Level 1:colcon.colcon_core.package_identification:_identify(costmap) by extension 'colcon_pkg'
[0.233s] Level 1:colcon.colcon_core.package_identification:_identify(costmap) by extensions ['colcon_meta']
[0.233s] Level 1:colcon.colcon_core.package_identification:_identify(costmap) by extension 'colcon_meta'
[0.233s] Level 1:colcon.colcon_core.package_identification:_identify(costmap) by extensions ['ros']
[0.233s] Level 1:colcon.colcon_core.package_identification:_identify(costmap) by extension 'ros'
[0.235s] DEBUG:colcon.colcon_core.package_identification:Package 'costmap' with type 'ros.ament_cmake' and name 'costmap'
[0.235s] Level 1:colcon.colcon_core.package_identification:_identify(install) by extensions ['ignore', 'ignore_ament_install']
[0.235s] Level 1:colcon.colcon_core.package_identification:_identify(install) by extension 'ignore'
[0.235s] Level 1:colcon.colcon_core.package_identification:_identify(install) ignored
[0.235s] Level 1:colcon.colcon_core.package_identification:_identify(log) by extensions ['ignore', 'ignore_ament_install']
[0.235s] Level 1:colcon.colcon_core.package_identification:_identify(log) by extension 'ignore'
[0.235s] Level 1:colcon.colcon_core.package_identification:_identify(log) ignored
[0.235s] Level 1:colcon.colcon_core.package_discovery:discover_packages(recursive) using defaults
[0.235s] Level 1:colcon.colcon_core.package_discovery:discover_packages(ignore) discover
[0.235s] Level 1:colcon.colcon_core.package_discovery:discover_packages(ignore) using defaults
[0.235s] Level 1:colcon.colcon_core.package_discovery:discover_packages(path) discover
[0.235s] Level 1:colcon.colcon_core.package_discovery:discover_packages(path) using defaults
[0.250s] Level 5:colcon.colcon_core.verb:set package 'costmap' build argument 'cmake_args' from command line to 'None'
[0.250s] Level 5:colcon.colcon_core.verb:set package 'costmap' build argument 'cmake_target' from command line to 'None'
[0.250s] Level 5:colcon.colcon_core.verb:set package 'costmap' build argument 'cmake_target_skip_unavailable' from command line to 'False'
[0.250s] Level 5:colcon.colcon_core.verb:set package 'costmap' build argument 'cmake_clean_cache' from command line to 'False'
[0.250s] Level 5:colcon.colcon_core.verb:set package 'costmap' build argument 'cmake_clean_first' from command line to 'False'
[0.250s] Level 5:colcon.colcon_core.verb:set package 'costmap' build argument 'cmake_force_configure' from command line to 'False'
[0.250s] Level 5:colcon.colcon_core.verb:set package 'costmap' build argument 'ament_cmake_args' from command line to 'None'
[0.250s] Level 5:colcon.colcon_core.verb:set package 'costmap' build argument 'catkin_cmake_args' from command line to 'None'
[0.250s] Level 5:colcon.colcon_core.verb:set package 'costmap' build argument 'catkin_skip_building_tests' from command line to 'False'
[0.250s] DEBUG:colcon.colcon_core.verb:Building package 'costmap' with the following arguments: {'ament_cmake_args': None, 'build_base': '/home/potentialerror/virt_ws/src/Virtuoso/virtuoso_mapping/virtuoso_mapping/build/costmap', 'catkin_cmake_args': None, 'catkin_skip_building_tests': False, 'cmake_args': None, 'cmake_clean_cache': False, 'cmake_clean_first': False, 'cmake_force_configure': False, 'cmake_target': None, 'cmake_target_skip_unavailable': False, 'install_base': '/home/potentialerror/virt_ws/src/Virtuoso/virtuoso_mapping/virtuoso_mapping/install/costmap', 'merge_install': False, 'path': '/home/potentialerror/virt_ws/src/Virtuoso/virtuoso_mapping/virtuoso_mapping/costmap', 'symlink_install': False, 'test_result_base': None}
[0.250s] INFO:colcon.colcon_core.executor:Executing jobs using 'parallel' executor
[0.252s] DEBUG:colcon.colcon_parallel_executor.executor.parallel:run_until_complete
[0.252s] INFO:colcon.colcon_ros.task.ament_cmake.build:Building ROS package in '/home/potentialerror/virt_ws/src/Virtuoso/virtuoso_mapping/virtuoso_mapping/costmap' with build type 'ament_cmake'
[0.252s] INFO:colcon.colcon_cmake.task.cmake.build:Building CMake package in '/home/potentialerror/virt_ws/src/Virtuoso/virtuoso_mapping/virtuoso_mapping/costmap'
[0.254s] INFO:colcon.colcon_core.plugin_system:Skipping extension 'colcon_core.shell.bat': Not used on non-Windows systems
[0.254s] INFO:colcon.colcon_core.shell:Skip shell extension 'powershell' for command environment: Not usable outside of PowerShell
[0.254s] DEBUG:colcon.colcon_core.shell:Skip shell extension 'dsv' for command environment
[0.256s] DEBUG:colcon.colcon_core.shell:Ignoring prefix path '/opt/ros/foxy'
[0.262s] DEBUG:colcon.colcon_core.event_handler.log_command:Invoking command in '/home/potentialerror/virt_ws/src/Virtuoso/virtuoso_mapping/virtuoso_mapping/build/costmap': CMAKE_PREFIX_PATH=${CMAKE_PREFIX_PATH}:/home/potentialerror/virt_ws/install/virtuoso_processing:/home/potentialerror/virt_ws/install/virtuoso_perception:/home/potentialerror/virt_ws/install/virtuoso_navigation:/home/potentialerror/virt_ws/install/virtuoso_mapping:/home/potentialerror/virt_ws/install/virtuoso_localization:/home/potentialerror/virt_ws/install/virtuoso_controller:/opt/ros/foxy /usr/bin/cmake --build /home/potentialerror/virt_ws/src/Virtuoso/virtuoso_mapping/virtuoso_mapping/build/costmap -- -j1 -l1
[0.540s] DEBUG:colcon.colcon_core.event_handler.log_command:Invoked command in '/home/potentialerror/virt_ws/src/Virtuoso/virtuoso_mapping/virtuoso_mapping/build/costmap' returned '0': CMAKE_PREFIX_PATH=${CMAKE_PREFIX_PATH}:/home/potentialerror/virt_ws/install/virtuoso_processing:/home/potentialerror/virt_ws/install/virtuoso_perception:/home/potentialerror/virt_ws/install/virtuoso_navigation:/home/potentialerror/virt_ws/install/virtuoso_mapping:/home/potentialerror/virt_ws/install/virtuoso_localization:/home/potentialerror/virt_ws/install/virtuoso_controller:/opt/ros/foxy /usr/bin/cmake --build /home/potentialerror/virt_ws/src/Virtuoso/virtuoso_mapping/virtuoso_mapping/build/costmap -- -j1 -l1
[0.562s] DEBUG:colcon.colcon_core.event_handler.log_command:Invoking command in '/home/potentialerror/virt_ws/src/Virtuoso/virtuoso_mapping/virtuoso_mapping/build/costmap': CMAKE_PREFIX_PATH=${CMAKE_PREFIX_PATH}:/home/potentialerror/virt_ws/install/virtuoso_processing:/home/potentialerror/virt_ws/install/virtuoso_perception:/home/potentialerror/virt_ws/install/virtuoso_navigation:/home/potentialerror/virt_ws/install/virtuoso_mapping:/home/potentialerror/virt_ws/install/virtuoso_localization:/home/potentialerror/virt_ws/install/virtuoso_controller:/opt/ros/foxy /usr/bin/cmake --install /home/potentialerror/virt_ws/src/Virtuoso/virtuoso_mapping/virtuoso_mapping/build/costmap
[0.573s] Level 1:colcon.colcon_core.environment:create_environment_scripts_only(costmap)
[0.576s] DEBUG:colcon.colcon_core.event_handler.log_command:Invoked command in '/home/potentialerror/virt_ws/src/Virtuoso/virtuoso_mapping/virtuoso_mapping/build/costmap' returned '0': CMAKE_PREFIX_PATH=${CMAKE_PREFIX_PATH}:/home/potentialerror/virt_ws/install/virtuoso_processing:/home/potentialerror/virt_ws/install/virtuoso_perception:/home/potentialerror/virt_ws/install/virtuoso_navigation:/home/potentialerror/virt_ws/install/virtuoso_mapping:/home/potentialerror/virt_ws/install/virtuoso_localization:/home/potentialerror/virt_ws/install/virtuoso_controller:/opt/ros/foxy /usr/bin/cmake --install /home/potentialerror/virt_ws/src/Virtuoso/virtuoso_mapping/virtuoso_mapping/build/costmap
[0.577s] Level 1:colcon.colcon_core.environment:checking '/home/potentialerror/virt_ws/src/Virtuoso/virtuoso_mapping/virtuoso_mapping/install/costmap' for CMake module files
[0.577s] Level 1:colcon.colcon_core.environment:checking '/home/potentialerror/virt_ws/src/Virtuoso/virtuoso_mapping/virtuoso_mapping/install/costmap' for CMake config files
[0.578s] Level 1:colcon.colcon_core.shell:create_environment_hook('costmap', 'cmake_prefix_path')
[0.578s] INFO:colcon.colcon_core.shell:Creating environment hook '/home/potentialerror/virt_ws/src/Virtuoso/virtuoso_mapping/virtuoso_mapping/install/costmap/share/costmap/hook/cmake_prefix_path.ps1'
[0.579s] INFO:colcon.colcon_core.shell:Creating environment descriptor '/home/potentialerror/virt_ws/src/Virtuoso/virtuoso_mapping/virtuoso_mapping/install/costmap/share/costmap/hook/cmake_prefix_path.dsv'
[0.579s] INFO:colcon.colcon_core.shell:Creating environment hook '/home/potentialerror/virt_ws/src/Virtuoso/virtuoso_mapping/virtuoso_mapping/install/costmap/share/costmap/hook/cmake_prefix_path.sh'
[0.580s] Level 1:colcon.colcon_core.environment:checking '/home/potentialerror/virt_ws/src/Virtuoso/virtuoso_mapping/virtuoso_mapping/install/costmap/bin'
[0.580s] Level 1:colcon.colcon_core.environment:checking '/home/potentialerror/virt_ws/src/Virtuoso/virtuoso_mapping/virtuoso_mapping/install/costmap/lib/pkgconfig/costmap.pc'
[0.580s] Level 1:colcon.colcon_core.environment:checking '/home/potentialerror/virt_ws/src/Virtuoso/virtuoso_mapping/virtuoso_mapping/install/costmap/lib/python3.8/site-packages'
[0.580s] INFO:colcon.colcon_core.shell:Creating package script '/home/potentialerror/virt_ws/src/Virtuoso/virtuoso_mapping/virtuoso_mapping/install/costmap/share/costmap/package.ps1'
[0.581s] INFO:colcon.colcon_core.shell:Creating package descriptor '/home/potentialerror/virt_ws/src/Virtuoso/virtuoso_mapping/virtuoso_mapping/install/costmap/share/costmap/package.dsv'
[0.581s] INFO:colcon.colcon_core.shell:Creating package script '/home/potentialerror/virt_ws/src/Virtuoso/virtuoso_mapping/virtuoso_mapping/install/costmap/share/costmap/package.sh'
[0.582s] INFO:colcon.colcon_core.shell:Creating package script '/home/potentialerror/virt_ws/src/Virtuoso/virtuoso_mapping/virtuoso_mapping/install/costmap/share/costmap/package.bash'
[0.582s] INFO:colcon.colcon_core.shell:Creating package script '/home/potentialerror/virt_ws/src/Virtuoso/virtuoso_mapping/virtuoso_mapping/install/costmap/share/costmap/package.zsh'
[0.583s] Level 1:colcon.colcon_core.environment:create_file_with_runtime_dependencies(/home/potentialerror/virt_ws/src/Virtuoso/virtuoso_mapping/virtuoso_mapping/install/costmap/share/colcon-core/packages/costmap)
[0.598s] Level 1:colcon.colcon_core.environment:create_environment_scripts_only(costmap)
[0.598s] Level 1:colcon.colcon_core.environment:checking '/home/potentialerror/virt_ws/src/Virtuoso/virtuoso_mapping/virtuoso_mapping/install/costmap' for CMake module files
[0.599s] Level 1:colcon.colcon_core.environment:checking '/home/potentialerror/virt_ws/src/Virtuoso/virtuoso_mapping/virtuoso_mapping/install/costmap' for CMake config files
[0.599s] Level 1:colcon.colcon_core.shell:create_environment_hook('costmap', 'cmake_prefix_path')
[0.599s] INFO:colcon.colcon_core.shell:Creating environment hook '/home/potentialerror/virt_ws/src/Virtuoso/virtuoso_mapping/virtuoso_mapping/install/costmap/share/costmap/hook/cmake_prefix_path.ps1'
[0.600s] INFO:colcon.colcon_core.shell:Creating environment descriptor '/home/potentialerror/virt_ws/src/Virtuoso/virtuoso_mapping/virtuoso_mapping/install/costmap/share/costmap/hook/cmake_prefix_path.dsv'
[0.600s] INFO:colcon.colcon_core.shell:Creating environment hook '/home/potentialerror/virt_ws/src/Virtuoso/virtuoso_mapping/virtuoso_mapping/install/costmap/share/costmap/hook/cmake_prefix_path.sh'
[0.601s] Level 1:colcon.colcon_core.environment:checking '/home/potentialerror/virt_ws/src/Virtuoso/virtuoso_mapping/virtuoso_mapping/install/costmap/bin'
[0.601s] Level 1:colcon.colcon_core.environment:checking '/home/potentialerror/virt_ws/src/Virtuoso/virtuoso_mapping/virtuoso_mapping/install/costmap/lib/pkgconfig/costmap.pc'
[0.601s] Level 1:colcon.colcon_core.environment:checking '/home/potentialerror/virt_ws/src/Virtuoso/virtuoso_mapping/virtuoso_mapping/install/costmap/lib/python3.8/site-packages'
[0.601s] INFO:colcon.colcon_core.shell:Creating package script '/home/potentialerror/virt_ws/src/Virtuoso/virtuoso_mapping/virtuoso_mapping/install/costmap/share/costmap/package.ps1'
[0.602s] INFO:colcon.colcon_core.shell:Creating package descriptor '/home/potentialerror/virt_ws/src/Virtuoso/virtuoso_mapping/virtuoso_mapping/install/costmap/share/costmap/package.dsv'
[0.602s] INFO:colcon.colcon_core.shell:Creating package script '/home/potentialerror/virt_ws/src/Virtuoso/virtuoso_mapping/virtuoso_mapping/install/costmap/share/costmap/package.sh'
[0.602s] INFO:colcon.colcon_core.shell:Creating package script '/home/potentialerror/virt_ws/src/Virtuoso/virtuoso_mapping/virtuoso_mapping/install/costmap/share/costmap/package.bash'
[0.603s] INFO:colcon.colcon_core.shell:Creating package script '/home/potentialerror/virt_ws/src/Virtuoso/virtuoso_mapping/virtuoso_mapping/install/costmap/share/costmap/package.zsh'
[0.603s] Level 1:colcon.colcon_core.environment:create_file_with_runtime_dependencies(/home/potentialerror/virt_ws/src/Virtuoso/virtuoso_mapping/virtuoso_mapping/install/costmap/share/colcon-core/packages/costmap)
[0.604s] DEBUG:colcon.colcon_parallel_executor.executor.parallel:closing loop
[0.604s] DEBUG:colcon.colcon_parallel_executor.executor.parallel:loop closed
[0.604s] DEBUG:colcon.colcon_parallel_executor.executor.parallel:run_until_complete finished with '0'
[0.604s] DEBUG:colcon.colcon_core.event_reactor:joining thread
[0.609s] INFO:colcon.colcon_core.plugin_system:Skipping extension 'colcon_notification.desktop_notification.terminal_notifier': Not used on non-Darwin systems
[0.609s] INFO:colcon.colcon_core.plugin_system:Skipping extension 'colcon_notification.desktop_notification.win32': Not used on non-Windows systems
[0.609s] INFO:colcon.colcon_notification.desktop_notification:Sending desktop notification using 'notify2'
[0.623s] DEBUG:colcon.colcon_core.event_reactor:joined thread
[0.623s] INFO:colcon.colcon_core.shell:Creating prefix script '/home/potentialerror/virt_ws/src/Virtuoso/virtuoso_mapping/virtuoso_mapping/install/local_setup.ps1'
[0.624s] INFO:colcon.colcon_core.shell:Creating prefix util module '/home/potentialerror/virt_ws/src/Virtuoso/virtuoso_mapping/virtuoso_mapping/install/_local_setup_util_ps1.py'
[0.625s] INFO:colcon.colcon_core.shell:Creating prefix chain script '/home/potentialerror/virt_ws/src/Virtuoso/virtuoso_mapping/virtuoso_mapping/install/setup.ps1'
[0.627s] INFO:colcon.colcon_core.shell:Creating prefix script '/home/potentialerror/virt_ws/src/Virtuoso/virtuoso_mapping/virtuoso_mapping/install/local_setup.sh'
[0.629s] INFO:colcon.colcon_core.shell:Creating prefix util module '/home/potentialerror/virt_ws/src/Virtuoso/virtuoso_mapping/virtuoso_mapping/install/_local_setup_util_sh.py'
[0.630s] INFO:colcon.colcon_core.shell:Creating prefix chain script '/home/potentialerror/virt_ws/src/Virtuoso/virtuoso_mapping/virtuoso_mapping/install/setup.sh'
[0.636s] INFO:colcon.colcon_core.shell:Creating prefix script '/home/potentialerror/virt_ws/src/Virtuoso/virtuoso_mapping/virtuoso_mapping/install/local_setup.bash'
[0.636s] INFO:colcon.colcon_core.shell:Creating prefix chain script '/home/potentialerror/virt_ws/src/Virtuoso/virtuoso_mapping/virtuoso_mapping/install/setup.bash'
[0.638s] INFO:colcon.colcon_core.shell:Creating prefix script '/home/potentialerror/virt_ws/src/Virtuoso/virtuoso_mapping/virtuoso_mapping/install/local_setup.zsh'
[0.640s] INFO:colcon.colcon_core.shell:Creating prefix chain script '/home/potentialerror/virt_ws/src/Virtuoso/virtuoso_mapping/virtuoso_mapping/install/setup.zsh'
